2018-10-18 18:44:10,676  INFO Microsoft.AspNetCore.Hosting.Internal.WebHost.? [?] - MESSAGE: Request starting HTTP/1.1 GET http://localhost:14038/api/values  
 2018-10-18 18:44:11,601  INFO Microsoft.AspNetCore.Hosting.Internal.WebHost.? [?] - MESSAGE: Request finished in 936.3968ms 404 
 2018-10-18 18:44:15,138  INFO Microsoft.AspNetCore.Hosting.Internal.WebHost.? [?] - MESSAGE: Request starting HTTP/1.1 GET http://localhost:14038/docs/index.html  
 2018-10-18 18:44:15,177  INFO Microsoft.AspNetCore.Hosting.Internal.WebHost.? [?] - MESSAGE: Request finished in 38.935ms 200 text/html
 2018-10-18 18:44:15,623  INFO Microsoft.AspNetCore.Hosting.Internal.WebHost.? [?] - MESSAGE: Request starting HTTP/1.1 GET http://localhost:14038/swagger/v1/swagger.json  
 2018-10-18 18:44:16,451  INFO Microsoft.AspNetCore.Hosting.Internal.WebHost.? [?] - MESSAGE: Request finished in 827.8735ms 200 application/json;charset=utf-8
 2018-10-18 18:44:21,008  INFO Microsoft.AspNetCore.Hosting.Internal.WebHost.? [?] - MESSAGE: Request starting HTTP/1.1 GET http://localhost:14038/api/product  
 2018-10-18 18:44:21,392  INFO Microsoft.AspNetCore.Mvc.Internal.ControllerActionInvoker.? [?] - MESSAGE: Executing action method ProductionManager.WebApi.Controllers.ProductController.Get (ProductionManager.WebApi) with arguments ((null)) - ModelState is Valid
 2018-10-18 18:44:21,394  INFO Productin Manager logger.? [?] - MESSAGE:  ==============> here some test info
 2018-10-18 18:44:21,525  INFO Microsoft.AspNetCore.Mvc.Internal.ControllerActionInvoker.? [?] - MESSAGE: Executed action ProductionManager.WebApi.Controllers.ProductController.Get (ProductionManager.WebApi) in 434.9084ms
 2018-10-18 18:44:21,635 ERROR Productin Manager logger.? [?] - MESSAGE: Some test exception
 System.Exception: Some test exception
   at ProductionManager.WebApi.Controllers.ProductController.Get() in C:\dev\AzureMentoring\module_2\prod-manager-bahdanau\ProductionManager.WebApi\Controllers\ProductController.cs:line 26
   at lambda_method(Closure , Object , Object[] )
   at Microsoft.AspNetCore.Mvc.Internal.ControllerActionInvoker.InvokeActionMethodAsync()
   at Microsoft.AspNetCore.Mvc.Internal.ControllerActionInvoker.InvokeNextActionFilterAsync()
   at Microsoft.AspNetCore.Mvc.Internal.ControllerActionInvoker.Rethrow(ActionExecutedContext context)
   at Microsoft.AspNetCore.Mvc.Internal.ControllerActionInvoker.Next(State& next, Scope& scope, Object& state, Boolean& isCompleted)
   at Microsoft.AspNetCore.Mvc.Internal.ControllerActionInvoker.InvokeInnerFilterAsync()
   at Microsoft.AspNetCore.Mvc.Internal.ResourceInvoker.InvokeNextResourceFilter()
   at Microsoft.AspNetCore.Mvc.Internal.ResourceInvoker.Rethrow(ResourceExecutedContext context)
   at Microsoft.AspNetCore.Mvc.Internal.ResourceInvoker.Next(State& next, Scope& scope, Object& state, Boolean& isCompleted)
   at Microsoft.AspNetCore.Mvc.Internal.ResourceInvoker.InvokeFilterPipelineAsync()
   at Microsoft.AspNetCore.Mvc.Internal.ResourceInvoker.InvokeAsync()
   at Microsoft.AspNetCore.Builder.RouterMiddleware.Invoke(HttpContext httpContext)
   at ProductionManager.WebApi.Middleware.ErrorHandlingMiddleware.Invoke(HttpContext context) in C:\dev\AzureMentoring\module_2\prod-manager-bahdanau\ProductionManager.WebApi\Middleware\ErrorHandlingMiddleware.cs:line 26
2018-10-18 18:44:21,644  INFO Microsoft.AspNetCore.Hosting.Internal.WebHost.? [?] - MESSAGE: Request finished in 635.985ms 500 application/json
 